




File verbosity level: 9
date       time         ( uptime  ) [ thread name/id ]                   file:line     v| 
2025-04-12 19:27:43.102 (   0.161s) [        600AC98E]             loguru.cpp:826   INFO| Logging to 'C:\Users\patik\Desktop\Tekken Overlay\tekken-overlay.log', mode: 'a', verbosity: 9
2025-04-12 19:27:47.057 (   4.117s) [        5B4909F6]       fps-unlocker.cpp:176   INFO| FPSUnlocker variables initialized.
2025-04-12 19:27:47.057 (   4.117s) [        5B4909F6]       fps-unlocker.cpp:25    INFO| FPSUnlocker initialized.
2025-04-12 19:28:49.033 (  66.093s) [        5B4909F6]       fps-unlocker.cpp:141   INFO| FPSUnlocker mod enabled.





File verbosity level: 9
date       time         ( uptime  ) [ thread name/id ]                   file:line     v| 
2025-05-19 17:25:40.459 (   0.000s) [        2525ACCF]             loguru.cpp:826   INFO| Logging to 'C:\Users\patik\Desktop\Tekken Overlay\tekken-overlay.log', mode: 'a', verbosity: 9
2025-05-19 17:25:41.670 (   1.210s) [        2525ACCF]   PointerDescriptors.h:230   WARN| Couldn't find byte pattern: 48 C7 86 ?? ?? ?? ?? ?? ?? ?? ?? 66 C7 86 ?? ?? ?? ?? ?? ?? 44 89 AE
2025-05-19 17:25:41.670 (   1.210s) [        2525ACCF]StructWithDynamicOffset:115   WARN| Couldn't find byte pattern: 48 C7 86 ?? ?? ?? ?? ?? ?? ?? ?? 66 C7 86 ?? ?? ?? ?? ?? ?? 44 89 AE
2025-05-19 17:25:42.705 (   2.246s) [        2525ACCF]   PointerDescriptors.h:230   WARN| Couldn't find byte pattern: 44 89 A6 ?? ?? ?? ?? 8B 86 ?? ?? ?? ?? 25
2025-05-19 17:25:42.705 (   2.246s) [        2525ACCF]StructWithDynamicOffset:115   WARN| Couldn't find byte pattern: 44 89 A6 ?? ?? ?? ?? 8B 86 ?? ?? ?? ?? 25





File verbosity level: 9
date       time         ( uptime  ) [ thread name/id ]                   file:line     v| 
2025-05-22 21:56:47.549 (   0.002s) [        B9B07D62]             loguru.cpp:826   INFO| Logging to 'C:\Users\patik\Desktop\Tekken Overlay\tekken-overlay.log', mode: 'a', verbosity: 9
2025-05-22 21:56:48.848 (   1.301s) [        B9B07D62]   PointerDescriptors.h:230   WARN| Couldn't find byte pattern: 48 C7 86 ?? ?? ?? ?? ?? ?? ?? ?? 66 C7 86 ?? ?? ?? ?? ?? ?? 44 89 AE
2025-05-22 21:56:48.849 (   1.302s) [        B9B07D62]StructWithDynamicOffset:115   WARN| Couldn't find byte pattern: 48 C7 86 ?? ?? ?? ?? ?? ?? ?? ?? 66 C7 86 ?? ?? ?? ?? ?? ?? 44 89 AE
2025-05-22 21:56:49.814 (   2.267s) [        B9B07D62]   PointerDescriptors.h:230   WARN| Couldn't find byte pattern: 44 89 A6 ?? ?? ?? ?? 8B 86 ?? ?? ?? ?? 25
2025-05-22 21:56:49.814 (   2.267s) [        B9B07D62]StructWithDynamicOffset:115   WARN| Couldn't find byte pattern: 44 89 A6 ?? ?? ?? ?? 8B 86 ?? ?? ?? ?? 25





File verbosity level: 9
date       time         ( uptime  ) [ thread name/id ]                   file:line     v| 
2025-05-22 21:57:39.664 (   0.000s) [        2BE81E1C]             loguru.cpp:826   INFO| Logging to 'C:\Users\patik\Desktop\Tekken Overlay\tekken-overlay.log', mode: 'a', verbosity: 9
2025-05-22 21:57:40.440 (   0.776s) [        2BE81E1C]   PointerDescriptors.h:230   WARN| Couldn't find byte pattern: 48 C7 86 ?? ?? ?? ?? ?? ?? ?? ?? 66 C7 86 ?? ?? ?? ?? ?? ?? 44 89 AE
2025-05-22 21:57:40.440 (   0.776s) [        2BE81E1C]StructWithDynamicOffset:115   WARN| Couldn't find byte pattern: 48 C7 86 ?? ?? ?? ?? ?? ?? ?? ?? 66 C7 86 ?? ?? ?? ?? ?? ?? 44 89 AE
2025-05-22 21:57:41.406 (   1.742s) [        2BE81E1C]   PointerDescriptors.h:230   WARN| Couldn't find byte pattern: 44 89 A6 ?? ?? ?? ?? 8B 86 ?? ?? ?? ?? 25
2025-05-22 21:57:41.406 (   1.742s) [        2BE81E1C]StructWithDynamicOffset:115   WARN| Couldn't find byte pattern: 44 89 A6 ?? ?? ?? ?? 8B 86 ?? ?? ?? ?? 25





File verbosity level: 9
date       time         ( uptime  ) [ thread name/id ]                   file:line     v| 
2025-06-11 17:38:38.631 (   0.002s) [        3D9EEBC3]             loguru.cpp:826   INFO| Logging to 'C:\Users\patik\Desktop\Tekken Overlay\tekken-overlay.log', mode: 'a', verbosity: 9
2025-06-11 17:38:39.511 (   0.882s) [        3D9EEBC3]   PointerDescriptors.h:230   WARN| Couldn't find byte pattern: 48 C7 86 ?? ?? ?? ?? ?? ?? ?? ?? 66 C7 86 ?? ?? ?? ?? ?? ?? 44 89 AE
2025-06-11 17:38:39.512 (   0.883s) [        3D9EEBC3]StructWithDynamicOffset:115   WARN| Couldn't find byte pattern: 48 C7 86 ?? ?? ?? ?? ?? ?? ?? ?? 66 C7 86 ?? ?? ?? ?? ?? ?? 44 89 AE
2025-06-11 17:38:40.441 (   1.812s) [        3D9EEBC3]   PointerDescriptors.h:230   WARN| Couldn't find byte pattern: 44 89 A6 ?? ?? ?? ?? 8B 86 ?? ?? ?? ?? 25
2025-06-11 17:38:40.441 (   1.812s) [        3D9EEBC3]StructWithDynamicOffset:115   WARN| Couldn't find byte pattern: 44 89 A6 ?? ?? ?? ?? 8B 86 ?? ?? ?? ?? 25





File verbosity level: 9
date       time         ( uptime  ) [ thread name/id ]                   file:line     v| 
2025-06-11 17:39:05.763 (   0.000s) [        90E55CDF]             loguru.cpp:826   INFO| Logging to 'C:\Users\patik\Desktop\Tekken Overlay\tekken-overlay.log', mode: 'a', verbosity: 9
2025-06-11 17:39:06.599 (   0.836s) [        90E55CDF]   PointerDescriptors.h:230   WARN| Couldn't find byte pattern: 48 C7 86 ?? ?? ?? ?? ?? ?? ?? ?? 66 C7 86 ?? ?? ?? ?? ?? ?? 44 89 AE
2025-06-11 17:39:06.599 (   0.836s) [        90E55CDF]StructWithDynamicOffset:115   WARN| Couldn't find byte pattern: 48 C7 86 ?? ?? ?? ?? ?? ?? ?? ?? 66 C7 86 ?? ?? ?? ?? ?? ?? 44 89 AE
2025-06-11 17:39:07.709 (   1.946s) [        90E55CDF]   PointerDescriptors.h:230   WARN| Couldn't find byte pattern: 44 89 A6 ?? ?? ?? ?? 8B 86 ?? ?? ?? ?? 25
2025-06-11 17:39:07.709 (   1.946s) [        90E55CDF]StructWithDynamicOffset:115   WARN| Couldn't find byte pattern: 44 89 A6 ?? ?? ?? ?? 8B 86 ?? ?? ?? ?? 25





File verbosity level: 9
date       time         ( uptime  ) [ thread name/id ]                   file:line     v| 
2025-06-18 16:11:00.945 (   0.002s) [        A2B3AF36]             loguru.cpp:826   INFO| Logging to 'C:\Users\patik\Desktop\Tekken Overlay\tekken-overlay.log', mode: 'a', verbosity: 9
2025-06-18 16:11:01.766 (   0.823s) [        A2B3AF36]   PointerDescriptors.h:230   WARN| Couldn't find byte pattern: 48 C7 86 ?? ?? ?? ?? ?? ?? ?? ?? 66 C7 86 ?? ?? ?? ?? ?? ?? 44 89 AE
2025-06-18 16:11:01.767 (   0.824s) [        A2B3AF36]StructWithDynamicOffset:115   WARN| Couldn't find byte pattern: 48 C7 86 ?? ?? ?? ?? ?? ?? ?? ?? 66 C7 86 ?? ?? ?? ?? ?? ?? 44 89 AE
2025-06-18 16:11:02.716 (   1.773s) [        A2B3AF36]   PointerDescriptors.h:230   WARN| Couldn't find byte pattern: 44 89 A6 ?? ?? ?? ?? 8B 86 ?? ?? ?? ?? 25
2025-06-18 16:11:02.716 (   1.773s) [        A2B3AF36]StructWithDynamicOffset:115   WARN| Couldn't find byte pattern: 44 89 A6 ?? ?? ?? ?? 8B 86 ?? ?? ?? ?? 25





File verbosity level: 9
date       time         ( uptime  ) [ thread name/id ]                   file:line     v| 
2025-06-19 16:50:06.551 (   0.002s) [        F35489B2]             loguru.cpp:826   INFO| Logging to 'C:\Users\patik\Desktop\Tekken Overlay\tekken-overlay.log', mode: 'a', verbosity: 9
2025-06-19 16:50:07.477 (   0.928s) [        F35489B2]   PointerDescriptors.h:230   WARN| Couldn't find byte pattern: 48 C7 86 ?? ?? ?? ?? ?? ?? ?? ?? 66 C7 86 ?? ?? ?? ?? ?? ?? 44 89 AE
2025-06-19 16:50:07.477 (   0.928s) [        F35489B2]StructWithDynamicOffset:115   WARN| Couldn't find byte pattern: 48 C7 86 ?? ?? ?? ?? ?? ?? ?? ?? 66 C7 86 ?? ?? ?? ?? ?? ?? 44 89 AE
2025-06-19 16:50:08.514 (   1.966s) [        F35489B2]   PointerDescriptors.h:230   WARN| Couldn't find byte pattern: 44 89 A6 ?? ?? ?? ?? 8B 86 ?? ?? ?? ?? 25
2025-06-19 16:50:08.514 (   1.966s) [        F35489B2]StructWithDynamicOffset:115   WARN| Couldn't find byte pattern: 44 89 A6 ?? ?? ?? ?? 8B 86 ?? ?? ?? ?? 25





File verbosity level: 9
date       time         ( uptime  ) [ thread name/id ]                   file:line     v| 
2025-06-20 16:02:47.946 (   0.002s) [        613F1D1D]             loguru.cpp:826   INFO| Logging to 'C:\Users\patik\Desktop\Tekken Overlay\tekken-overlay.log', mode: 'a', verbosity: 9
2025-06-20 16:02:48.866 (   0.922s) [        613F1D1D]   PointerDescriptors.h:230   WARN| Couldn't find byte pattern: 48 C7 86 ?? ?? ?? ?? ?? ?? ?? ?? 66 C7 86 ?? ?? ?? ?? ?? ?? 44 89 AE
2025-06-20 16:02:48.866 (   0.923s) [        613F1D1D]StructWithDynamicOffset:115   WARN| Couldn't find byte pattern: 48 C7 86 ?? ?? ?? ?? ?? ?? ?? ?? 66 C7 86 ?? ?? ?? ?? ?? ?? 44 89 AE
2025-06-20 16:02:49.898 (   1.954s) [        613F1D1D]   PointerDescriptors.h:230   WARN| Couldn't find byte pattern: 44 89 A6 ?? ?? ?? ?? 8B 86 ?? ?? ?? ?? 25
2025-06-20 16:02:49.898 (   1.954s) [        613F1D1D]StructWithDynamicOffset:115   WARN| Couldn't find byte pattern: 44 89 A6 ?? ?? ?? ?? 8B 86 ?? ?? ?? ?? 25





File verbosity level: 9
date       time         ( uptime  ) [ thread name/id ]                   file:line     v| 
2025-06-21 16:44:46.228 (   0.002s) [        B681791A]             loguru.cpp:826   INFO| Logging to 'C:\Users\patik\Desktop\Tekken Overlay\tekken-overlay.log', mode: 'a', verbosity: 9
2025-06-21 16:44:47.108 (   0.882s) [        B681791A]   PointerDescriptors.h:230   WARN| Couldn't find byte pattern: 48 C7 86 ?? ?? ?? ?? ?? ?? ?? ?? 66 C7 86 ?? ?? ?? ?? ?? ?? 44 89 AE
2025-06-21 16:44:47.109 (   0.883s) [        B681791A]StructWithDynamicOffset:115   WARN| Couldn't find byte pattern: 48 C7 86 ?? ?? ?? ?? ?? ?? ?? ?? 66 C7 86 ?? ?? ?? ?? ?? ?? 44 89 AE
2025-06-21 16:44:48.090 (   1.864s) [        B681791A]   PointerDescriptors.h:230   WARN| Couldn't find byte pattern: 44 89 A6 ?? ?? ?? ?? 8B 86 ?? ?? ?? ?? 25
2025-06-21 16:44:48.090 (   1.864s) [        B681791A]StructWithDynamicOffset:115   WARN| Couldn't find byte pattern: 44 89 A6 ?? ?? ?? ?? 8B 86 ?? ?? ?? ?? 25





File verbosity level: 9
date       time         ( uptime  ) [ thread name/id ]                   file:line     v| 
2025-07-08 11:44:37.073 (   0.002s) [        F0C53D9A]             loguru.cpp:826   INFO| Logging to 'C:\Users\patik\Desktop\Tekken Overlay\tekken-overlay.log', mode: 'a', verbosity: 9
2025-07-08 11:44:38.023 (   0.952s) [        F0C53D9A]   PointerDescriptors.h:230   WARN| Couldn't find byte pattern: 48 C7 86 ?? ?? ?? ?? ?? ?? ?? ?? 66 C7 86 ?? ?? ?? ?? ?? ?? 44 89 AE
2025-07-08 11:44:38.024 (   0.952s) [        F0C53D9A]StructWithDynamicOffset:115   WARN| Couldn't find byte pattern: 48 C7 86 ?? ?? ?? ?? ?? ?? ?? ?? 66 C7 86 ?? ?? ?? ?? ?? ?? 44 89 AE
2025-07-08 11:44:39.042 (   1.971s) [        F0C53D9A]   PointerDescriptors.h:230   WARN| Couldn't find byte pattern: 44 89 A6 ?? ?? ?? ?? 8B 86 ?? ?? ?? ?? 25
2025-07-08 11:44:39.042 (   1.971s) [        F0C53D9A]StructWithDynamicOffset:115   WARN| Couldn't find byte pattern: 44 89 A6 ?? ?? ?? ?? 8B 86 ?? ?? ?? ?? 25





File verbosity level: 9
date       time         ( uptime  ) [ thread name/id ]                   file:line     v| 
2025-07-08 11:57:58.967 (   0.001s) [        BFE0B6BA]             loguru.cpp:826   INFO| Logging to 'C:\Users\patik\Desktop\Tekken Overlay\tekken-overlay.log', mode: 'a', verbosity: 9
2025-07-08 11:58:01.295 (   2.328s) [        BFE0B6BA]   PointerDescriptors.h:246   WARN| Couldn't find byte pattern: 88 9E ?? ?? ?? 00 48 8D 8E ?? ?? 00 00 45 33 FF
2025-07-08 11:58:01.295 (   2.328s) [        BFE0B6BA]StructWithDynamicOffset:154   WARN| Couldn't find byte pattern: 88 9E ?? ?? ?? 00 48 8D 8E ?? ?? 00 00 45 33 FF
2025-07-08 11:58:02.137 (   3.171s) [        BFE0B6BA]   PointerDescriptors.h:246   WARN| Couldn't find byte pattern: 48 C7 86 ?? ?? 00 00 01 00 00 00 44 89 BE ?? ?? 00 00
2025-07-08 11:58:02.137 (   3.171s) [        BFE0B6BA]StructWithDynamicOffset:154   WARN| Couldn't find byte pattern: 48 C7 86 ?? ?? 00 00 01 00 00 00 44 89 BE ?? ?? 00 00





File verbosity level: 9
date       time         ( uptime  ) [ thread name/id ]                   file:line     v| 
2025-07-08 12:57:16.479 (   0.001s) [        1306E9BF]             loguru.cpp:826   INFO| Logging to 'C:\Users\patik\Desktop\Tekken Overlay\tekken-overlay.log', mode: 'a', verbosity: 9
2025-07-08 12:57:16.769 (   0.291s) [        1306E9BF]   PointerDescriptors.h:246   WARN| Couldn't find byte pattern: 88 9E ?? ?? ?? 00 48 8D 8E ?? ?? 00 00 45 33 FF
2025-07-08 12:57:16.769 (   0.291s) [        1306E9BF]StructWithDynamicOffset:154   WARN| Couldn't find byte pattern: 88 9E ?? ?? ?? 00 48 8D 8E ?? ?? 00 00 45 33 FF
2025-07-08 12:57:17.159 (   0.681s) [        1306E9BF]   PointerDescriptors.h:246   WARN| Couldn't find byte pattern: 48 C7 86 ?? ?? 00 00 01 00 00 00 44 89 BE ?? ?? 00 00
2025-07-08 12:57:17.159 (   0.681s) [        1306E9BF]StructWithDynamicOffset:154   WARN| Couldn't find byte pattern: 48 C7 86 ?? ?? 00 00 01 00 00 00 44 89 BE ?? ?? 00 00





File verbosity level: 9
date       time         ( uptime  ) [ thread name/id ]                   file:line     v| 
2025-07-08 13:38:26.152 (   0.001s) [        43FCF453]             loguru.cpp:826   INFO| Logging to 'C:\Users\patik\Desktop\Tekken Overlay\tekken-overlay.log', mode: 'a', verbosity: 9
2025-07-08 13:38:26.590 (   0.440s) [        43FCF453]   PointerDescriptors.h:246   WARN| Couldn't find byte pattern: 88 9E ?? ?? ?? 00 48 8D 8E ?? ?? 00 00 45 33 FF
2025-07-08 13:38:26.591 (   0.440s) [        43FCF453]StructWithDynamicOffset:154   WARN| Couldn't find byte pattern: 88 9E ?? ?? ?? 00 48 8D 8E ?? ?? 00 00 45 33 FF
2025-07-08 13:38:26.993 (   0.843s) [        43FCF453]   PointerDescriptors.h:246   WARN| Couldn't find byte pattern: 48 C7 86 ?? ?? 00 00 01 00 00 00 44 89 BE ?? ?? 00 00
2025-07-08 13:38:26.993 (   0.843s) [        43FCF453]StructWithDynamicOffset:154   WARN| Couldn't find byte pattern: 48 C7 86 ?? ?? 00 00 01 00 00 00 44 89 BE ?? ?? 00 00





File verbosity level: 9
date       time         ( uptime  ) [ thread name/id ]                   file:line     v| 
2025-07-08 16:47:04.228 (   0.000s) [        3EA5701A]             loguru.cpp:826   INFO| Logging to 'C:\Users\patik\Desktop\Tekken Overlay\tekken-overlay.log', mode: 'a', verbosity: 9
2025-07-08 16:47:04.526 (   0.298s) [        3EA5701A]   PointerDescriptors.h:246   WARN| Couldn't find byte pattern: 88 9E ?? ?? ?? 00 48 8D 8E ?? ?? 00 00 45 33 FF
2025-07-08 16:47:04.526 (   0.298s) [        3EA5701A]StructWithDynamicOffset:154   WARN| Couldn't find byte pattern: 88 9E ?? ?? ?? 00 48 8D 8E ?? ?? 00 00 45 33 FF
2025-07-08 16:47:04.908 (   0.680s) [        3EA5701A]   PointerDescriptors.h:246   WARN| Couldn't find byte pattern: 48 C7 86 ?? ?? 00 00 01 00 00 00 44 89 BE ?? ?? 00 00
2025-07-08 16:47:04.908 (   0.680s) [        3EA5701A]StructWithDynamicOffset:154   WARN| Couldn't find byte pattern: 48 C7 86 ?? ?? 00 00 01 00 00 00 44 89 BE ?? ?? 00 00





File verbosity level: 9
date       time         ( uptime  ) [ thread name/id ]                   file:line     v| 
2025-07-08 19:29:19.984 (   0.002s) [        8D31B1C3]             loguru.cpp:826   INFO| Logging to 'C:\Users\patik\Desktop\Tekken Overlay\tekken-overlay.log', mode: 'a', verbosity: 9
2025-07-08 19:29:20.317 (   0.335s) [        8D31B1C3]   PointerDescriptors.h:246   WARN| Couldn't find byte pattern: 88 9E ?? ?? ?? 00 48 8D 8E ?? ?? 00 00 45 33 FF
2025-07-08 19:29:20.318 (   0.335s) [        8D31B1C3]StructWithDynamicOffset:154   WARN| Couldn't find byte pattern: 88 9E ?? ?? ?? 00 48 8D 8E ?? ?? 00 00 45 33 FF
2025-07-08 19:29:20.723 (   0.741s) [        8D31B1C3]   PointerDescriptors.h:246   WARN| Couldn't find byte pattern: 48 C7 86 ?? ?? 00 00 01 00 00 00 44 89 BE ?? ?? 00 00
2025-07-08 19:29:20.723 (   0.741s) [        8D31B1C3]StructWithDynamicOffset:154   WARN| Couldn't find byte pattern: 48 C7 86 ?? ?? 00 00 01 00 00 00 44 89 BE ?? ?? 00 00





File verbosity level: 9
date       time         ( uptime  ) [ thread name/id ]                   file:line     v| 
2025-07-23 00:06:43.060 (   0.001s) [        11A72A62]             loguru.cpp:826   INFO| Logging to 'C:\Users\patik\Desktop\Tekken Overlay\tekken-overlay.log', mode: 'a', verbosity: 9
2025-07-23 00:06:45.805 (   2.746s) [        11A72A62]   PointerDescriptors.h:246   WARN| Couldn't find byte pattern: 88 9E ?? ?? ?? 00 48 8D 8E ?? ?? 00 00 45 33 FF
2025-07-23 00:06:45.806 (   2.747s) [        11A72A62]StructWithDynamicOffset:154   WARN| Couldn't find byte pattern: 88 9E ?? ?? ?? 00 48 8D 8E ?? ?? 00 00 45 33 FF
2025-07-23 00:06:46.664 (   3.606s) [        11A72A62]   PointerDescriptors.h:246   WARN| Couldn't find byte pattern: 48 C7 86 ?? ?? 00 00 01 00 00 00 44 89 BE ?? ?? 00 00
2025-07-23 00:06:46.664 (   3.606s) [        11A72A62]StructWithDynamicOffset:154   WARN| Couldn't find byte pattern: 48 C7 86 ?? ?? 00 00 01 00 00 00 44 89 BE ?? ?? 00 00





File verbosity level: 9
date       time         ( uptime  ) [ thread name/id ]                   file:line     v| 
2025-08-19 17:15:52.157 (   0.017s) [        DF6CD7B4]             loguru.cpp:826   INFO| Logging to 'C:\Users\patik\Desktop\Tekken Overlay\tekken-overlay.log', mode: 'a', verbosity: 9
2025-08-19 17:15:54.615 (   2.476s) [        DF6CD7B4]   PointerDescriptors.h:246   WARN| Couldn't find byte pattern: 88 9E ?? ?? ?? 00 48 8D 8E ?? ?? 00 00 45 33 FF
2025-08-19 17:15:54.615 (   2.476s) [        DF6CD7B4]StructWithDynamicOffset:154   WARN| Couldn't find byte pattern: 88 9E ?? ?? ?? 00 48 8D 8E ?? ?? 00 00 45 33 FF
2025-08-19 17:15:55.488 (   3.349s) [        DF6CD7B4]   PointerDescriptors.h:246   WARN| Couldn't find byte pattern: 48 C7 86 ?? ?? 00 00 01 00 00 00 44 89 BE ?? ?? 00 00
2025-08-19 17:15:55.489 (   3.349s) [        DF6CD7B4]StructWithDynamicOffset:154   WARN| Couldn't find byte pattern: 48 C7 86 ?? ?? 00 00 01 00 00 00 44 89 BE ?? ?? 00 00





File verbosity level: 9
date       time         ( uptime  ) [ thread name/id ]                   file:line     v| 
2025-09-02 22:18:26.054 (   0.001s) [        E27E014F]             loguru.cpp:826   INFO| Logging to 'C:\Users\patik\Desktop\Tekken Overlay\tekken-overlay.log', mode: 'a', verbosity: 9
2025-09-02 22:18:28.756 (   2.704s) [        E27E014F]   PointerDescriptors.h:246   WARN| Couldn't find byte pattern: 88 9E ?? ?? ?? 00 48 8D 8E ?? ?? 00 00 45 33 FF
2025-09-02 22:18:28.757 (   2.704s) [        E27E014F]StructWithDynamicOffset:154   WARN| Couldn't find byte pattern: 88 9E ?? ?? ?? 00 48 8D 8E ?? ?? 00 00 45 33 FF
2025-09-02 22:18:29.610 (   3.558s) [        E27E014F]   PointerDescriptors.h:246   WARN| Couldn't find byte pattern: 48 C7 86 ?? ?? 00 00 01 00 00 00 44 89 BE ?? ?? 00 00
2025-09-02 22:18:29.610 (   3.558s) [        E27E014F]StructWithDynamicOffset:154   WARN| Couldn't find byte pattern: 48 C7 86 ?? ?? 00 00 01 00 00 00 44 89 BE ?? ?? 00 00





File verbosity level: 9
date       time         ( uptime  ) [ thread name/id ]                   file:line     v| 
2025-09-03 19:23:44.251 (   0.001s) [        8A93AB48]             loguru.cpp:826   INFO| Logging to 'C:\Users\patik\Desktop\Tekken Overlay\tekken-overlay.log', mode: 'a', verbosity: 9
2025-09-03 19:23:45.048 (   0.797s) [        8A93AB48]   PointerDescriptors.h:246   WARN| Couldn't find byte pattern: 88 9E ?? ?? ?? 00 48 8D 8E ?? ?? 00 00 45 33 FF
2025-09-03 19:23:45.048 (   0.798s) [        8A93AB48]StructWithDynamicOffset:154   WARN| Couldn't find byte pattern: 88 9E ?? ?? ?? 00 48 8D 8E ?? ?? 00 00 45 33 FF
2025-09-03 19:23:45.446 (   1.195s) [        8A93AB48]   PointerDescriptors.h:246   WARN| Couldn't find byte pattern: 48 C7 86 ?? ?? 00 00 01 00 00 00 44 89 BE ?? ?? 00 00
2025-09-03 19:23:45.446 (   1.196s) [        8A93AB48]StructWithDynamicOffset:154   WARN| Couldn't find byte pattern: 48 C7 86 ?? ?? 00 00 01 00 00 00 44 89 BE ?? ?? 00 00
